Traceback (most recent call last):
  File "./gallium.py", line 69, in ?
    daemon.daemon('gallium.pid', log, log)
  File "/home/neale/src/firebot/daemon.py", line 38, in daemon
    f.write(os.getpid())
TypeError: argument 1 must be string or read-only character buffer, not int
exceptions.KeyError u'user' [/home/neale/src/firebot/irc.py|handle|406] [/home/neale/src/firebot/irc.py|handle_cooked|418] [/home/neale/src/firebot/firebot.py|cmd_privmsg|88] [/home/neale/src/firebot/bindingsbot.py|cmd_privmsg|71] [/home/neale/src/firebot/infobot.py|lookup|210]
exceptions.KeyError u'user' [/home/neale/src/firebot/irc.py|handle|406] [/home/neale/src/firebot/irc.py|handle_cooked|418] [/home/neale/src/firebot/firebot.py|cmd_privmsg|88] [/home/neale/src/firebot/bindingsbot.py|cmd_privmsg|71] [/home/neale/src/firebot/infobot.py|lookup|210]
exceptions.KeyError u'user' [/home/neale/src/firebot/irc.py|handle|406] [/home/neale/src/firebot/irc.py|handle_cooked|418] [/home/neale/src/firebot/firebot.py|cmd_privmsg|88] [/home/neale/src/firebot/bindingsbot.py|cmd_privmsg|71] [/home/neale/src/firebot/infobot.py|lookup|210]
exceptions.KeyError u'user' [/home/neale/src/firebot/irc.py|handle|406] [/home/neale/src/firebot/irc.py|handle_cooked|418] [/home/neale/src/firebot/firebot.py|cmd_privmsg|88] [/home/neale/src/firebot/bindingsbot.py|cmd_privmsg|71] [/home/neale/src/firebot/infobot.py|lookup|210]
exceptions.KeyError u'user' [/home/neale/src/firebot/irc.py|handle|406] [/home/neale/src/firebot/irc.py|handle_cooked|418] [/home/neale/src/firebot/firebot.py|cmd_privmsg|88] [/home/neale/src/firebot/bindingsbot.py|cmd_privmsg|71] [/home/neale/src/firebot/infobot.py|lookup|210]
exceptions.KeyError u'user' [/home/neale/src/firebot/irc.py|handle|406] [/home/neale/src/firebot/irc.py|handle_cooked|418] [/home/neale/src/firebot/firebot.py|cmd_privmsg|88] [/home/neale/src/firebot/bindingsbot.py|cmd_privmsg|71] [/home/neale/src/firebot/infobot.py|lookup|210]
exceptions.KeyError u'user' [/home/neale/src/firebot/irc.py|handle|406] [/home/neale/src/firebot/irc.py|handle_cooked|418] [/home/neale/src/firebot/firebot.py|cmd_privmsg|88] [/home/neale/src/firebot/bindingsbot.py|cmd_privmsg|71] [/home/neale/src/firebot/infobot.py|lookup|210]
exceptions.KeyError u'user' [/home/neale/src/firebot/irc.py|handle|406] [/home/neale/src/firebot/irc.py|handle_cooked|418] [/home/neale/src/firebot/firebot.py|cmd_privmsg|88] [/home/neale/src/firebot/bindingsbot.py|cmd_privmsg|71] [/home/neale/src/firebot/infobot.py|lookup|210]
exceptions.KeyError u'user' [/home/neale/src/firebot/irc.py|handle|406] [/home/neale/src/firebot/irc.py|handle_cooked|418] [/home/neale/src/firebot/firebot.py|cmd_privmsg|88] [/home/neale/src/firebot/bindingsbot.py|cmd_privmsg|71] [/home/neale/src/firebot/infobot.py|lookup|210]
exceptions.KeyError u'user' [/home/neale/src/firebot/irc.py|handle|406] [/home/neale/src/firebot/irc.py|handle_cooked|418] [/home/neale/src/firebot/firebot.py|cmd_privmsg|88] [/home/neale/src/firebot/bindingsbot.py|cmd_privmsg|71] [/home/neale/src/firebot/infobot.py|lookup|210]
bsddb._db.DBRunRecoveryError (-30978, 'DB_RUNRECOVERY: Fatal error, run database recovery -- PANIC: Invalid argument') [/home/neale/src/firebot/irc.py|handle|406] [/home/neale/src/firebot/irc.py|handle_cooked|418] [/home/neale/src/firebot/firebot.py|cmd_privmsg|88] [/home/neale/src/firebot/bindingsbot.py|cmd_privmsg|71] [/home/neale/src/firebot/infobot.py|store|285] [/home/neale/src/firebot/infobot.py|do_store|264] [/home/neale/src/firebot/infobot.py|set|83] [/usr/lib/python2.3/shelve.py|__setitem__|130] [/usr/lib/python2.3/bsddb/__init__.py|__setitem__|120]
bsddb._db.DBRunRecoveryError (-30978, 'DB_RUNRECOVERY: Fatal error, run database recovery -- PANIC: fatal region error detected; run recovery') [/home/neale/src/firebot/irc.py|handle|406] [/home/neale/src/firebot/irc.py|handle_cooked|418] [/home/neale/src/firebot/firebot.py|cmd_privmsg|88] [/home/neale/src/firebot/bindingsbot.py|cmd_privmsg|71] [/home/neale/src/firebot/infobot.py|lookup|204] [/home/neale/src/firebot/infobot.py|get|71] [/usr/lib/python2.3/shelve.py|__getitem__|118] [/usr/lib/python2.3/bsddb/__init__.py|__getitem__|116]
bsddb._db.DBRunRecoveryError (-30978, 'DB_RUNRECOVERY: Fatal error, run database recovery -- PANIC: fatal region error detected; run recovery') [/home/neale/src/firebot/irc.py|handle|406] [/home/nealesync
sync
exceptions.TypeError can only concatenate list (not "tuple") to list [/home/neale/src/firebot/irc.py|handle|406] [/home/neale/src/firebot/irc.py|handle_cooked|418] [/home/neale/src/firebot/firebot.py|cmd_privmsg|87] [/home/neale/src/firebot/bindingsbot.py|cmd_privmsg|71] [/home/neale/src/firebot/infobot.py|store|263] [/home/neale/src/firebot/infobot.py|do_store|239]
exceptions.TypeError can only concatenate list (not "tuple") to list [/home/neale/src/firebot/irc.py|handle|406] [/home/neale/src/firebot/irc.py|handle_cooked|418] [/home/neale/src/firebot/firebot.py|cmd_privmsg|87] [/home/neale/src/firebot/bindingsbot.py|cmd_privmsg|71] [/home/neale/src/firebot/infobot.py|store|263] [/home/neale/src/firebot/infobot.py|do_store|239]
exceptions.TypeError can only concatenate list (not "tuple") to list [/home/neale/src/firebot/irc.py|handle|406] [/home/neale/src/firebot/irc.py|handle_cooked|418] [/home/neale/src/firebot/firebot.py|cmd_privmsg|87] [/home/neale/src/firebot/bindingsbot.py|cmd_privmsg|71] [/home/neale/src/firebot/infobot.py|store|263] [/home/neale/src/firebot/infobot.py|do_store|239]
Traceback (most recent call last):
  File "./gallium.py", line 84, in ?
    irc.run_forever(0.5)
  File "/home/neale/src/firebot/irc.py", line 604, in run_forever
    asyncore.loop(timeout)
  File "/usr/lib/python2.3/asyncore.py", line 193, in loop
    poll_fun(timeout, map)
  File "/usr/lib/python2.3/asyncore.py", line 108, in poll
    r, w, e = select.select(r, w, e, timeout)
KeyboardInterrupt
('url', u'http://www.techcrunch.com/2007/02/07/yahoo-launches-pipes/')
('url', u'http://www.games4work.com/games/swf/supercoolpic.swf')
('url', u'http://daringfireball.net/2005/09/anthropomorphized')
('url', u'http://daringfireball.net/2006/01/brushed_metal')
('url', u'http://pomonahistorical.org/12times.htm')
('url', u'http://www.youtube.com/watch?v=HKEuzxC4eGc')
('url', u'http://it.slashdot.org/article.pl?sid=07/06/11/127253&from=rss')
('url', u'http://www.chaos.org.uk/~eddy/img/jest/GodKills.png')
('url', u'http://www.80snostalgia.com/')
('url', u'http://www.80snostalgia.com/modules.php?op=modload&name=Reviews&file=index&req=showcontent&id=7')
('url', u'https://woozle.org/blogs/aim/2007-06-04T03:19:38Z#2007-06-10T19:10:17Z.3055.txt')
('url', u'http://www.deviantart.com/deviation/34244097')
('url', u'http://rubyonrails.com/')
('url', u'http://www.lobotomo.com/products/FanControl/index.html')
('url', u'http://www.apple.com/safari/')
('url', u'http://www.macports.org/')
('url', u'http://www.cs.ubc.ca/spider/harrison/Java/sorting-demo.html')
('url', u'http://www.joelonsoftware.com/items/2007/06/11.html')
('url', u'http://wakoopa.com/')
('url', u'http://java.com/en/')
('url', u'http://java.com/en/download/manual.jsp')
('url', u'http://www-ai.ijs.si/eliza/eliza.html')
('url', u'http://seattlepi.nwsource.com/local/299253_inconvenient11.html')
('url', u'http://toastworks.org/jaime')
('url', u'http://toastworks.org/Jaime/Welcome.html')
('url', u'http://toastworks.org/Jaime/Photos/Photos.html')
('url', u'http://www.urbandictionary.com/define.php?term=pagan')
('url', u'http://blog.seattlepi.nwsource.com/venture/archives/116630.asp?source=rss')
('url', u'http://www.washingtonpost.com/wp-dyn/content/article/2007/06/13/AR2007061301032.html?nav=rss_email/components')
('url', u'http://www.flickr.com/photos/hbunny/548567724/')
('url', u'http://www.flickr.com/photos/hbunny/548574746/')
('url', u'http://www.flickr.com/photos/hbunny/548563718/')
('url', u'http://www.customrebreathers.com/COPIS.pdf')
('url', u'http://online.wsj.com/public/article/SB118178455437034753-wnZoGVvhvlVHfmGLn3rf6n5FKws_20070714.html?mod=fpa_editors_picks')
('url', u'http://woozle.org/~brian/neale.png')
('url', u'http://www.techcrunch.com/2007/06/13/ebay-stares-down-google-and-wins/')
('url', u'http://www.tubsseattle.com/')
('url', u'http://www.king5.com/topstories/stories/NW_061307WABmicrowavepopcornbanTP.43bf29d9.html')
('url', u'http://kirkpetersen.s3.amazonaws.com/first')
('url', u'http://amazon.rubyforge.org/')
('url', u'http://www.omnigroup.com/applications/omnifocus/download/')
('url', u'http://www.omnigroup.com/applications/omnifocus/download/sneakypeek/')
('url', u'http://hombrelobo.com/taiwan/hombrelobotv-baloncesto-en-taiwan/')
('url', u'http://www.guyd2.com/widget/oblique/index.html')
('url', u'http://woozle.org/~neale/tmp/foo')
('url', u'http://www.lemondbikes.com/bikes/cyclocross/classic_steel/poprad_disc.php')
('url', u'http://www.rei.com/product/744803')
('url', u'http://www.salsacycles.com/lascruces.html')
('url', u'http://tinyurl.com/352725')
('url', u'http://www.cnn.com/2007/LAW/06/18/topless.settlement.ap/index.html?eref=rss_topstories')
('url', u'http://www.nongnu.org/ratpoison/inspiration.html')
('url', u'http://www.asstr.org/')
('url', u'http://69lovesongs.info/wiki/')
('url', u'http://blog.wired.com/business/search/index.html')
('url', u'http://talesfromtheoutback.blogspot.com/')
('url', u'http://www.ram-mount.com/aqua_box_mount/aqua_box_mount.htm')
('url', u'http://www.ram-mount.com/products/rambigscreengps.htm')
('url', u'http://www.viewranger.com/')
('url', u'http://www.apple.com/downloads/macosx/')
('url', u'http://woozle.org/~neale/images/itsits')
('url', u'http://farm1.static.flickr.com/134/331689212_67bd78ce15_o.jpg')
('url', u'http://www.boingboing.net/2007/06/19/bicyclists_account_o.html')
('url', u'http://www.43folders.com/2007/06/19/buffington-igtd-01/')
('url', u'http://www.macuser.com/huh/macbook_deal_of_a_lifetime.php?lsrc=murss')
('url', u'http://www.youtube.com/watch?v=D35uQCtr4EY')
('url', u'http://www.classicrendezvous.com/Germany/Bauer_City_50anni.htm')
('url', u'http://www.rei.com/product/744802?cm_re=LS*SP*Transfer')
('url', u'http://london.openguides.org/index.cgi?id=Mend-A-Bike')
('url', u'http://www.mend-a-bike.co.uk/')
('url', u'http://www.velorution.biz/pret/?page_id=2')
('url', u'http://woozle.org/~neale/src/misc/frobnitz.ml')
('url', u'http://money.cnn.com/galleries/2007/biz2/0706/gallery.50whomatter.biz2/50.html')
('url', u'http://www.macuser.com/humor/your_computer_will_be_a_big_as.php?lsrc=murss')
('url', u'http://www.youtube.com/watch?v=d5YrB7TpT1Y')
('url', u'http://www.apple.com/iphone/usingiphone/guidedtour_small.html')
('url', u'http://www.flickr.com/photos/30708980%40N00/527858009/in/pool-kiltedlife/')
('url', u'http://www.youtube.com/watch?v=GcDshWmhF4A')
('url', u'http://en.wikipedia.org/wiki/People_eating_tasty_animals')
('url', u'http://www.dell.com/content/products/features.aspx/cto_inspn_1501?c=us&cs=19&l=en&s=dhs')
('url', u'http://www.timferriss.com/ferriss-book-outsourcing.htm')
('url', u'http://www.urbandictionary.com/define.php?term=clam+jousting')
('url', u'http://arstechnica.com/news.ars/post/20070621-folksonomy-most-hated-word-on-the-internet.html')
('url', u'http://www.emergencybacon.com/')
('url', u'http://www.allaboutsymbian.com/reviews/item/Nokia_N95-The_Conclusion.php')
('url', u'http://woozle.org/~brian/Highlands001.jpg')
('url', u'http://woozle.org/~brian/Highlands009.jpg')
('url', u'http://woozle.org/~brian/Highlands057.jpg')
('url', u'http://woozle.org/~brian/Highlands010.jpg')
('url', u'http://woozle.org/~brian/Highlands120.jpg')
('url', u'http://mahieu.org.uk')
('url', u'http://seattletimes.nwsource.com/html/nationworld/2003762672_scotus26.html')
('url', u'http://www.washingtonpost.com/wp-dyn/content/article/2007/06/25/AR2007062500548.html?hpid%3Dtopnews&sub=new')
('url', u'http://www.washingtonpost.com/wp-dyn/content/article/2007/06/25/AR2007062500548.html?hpid%3Dtopnews&sub=new')
('url', u'http://www.info.gov.za/documents/constitution/1996/96cons2.htm#16')
('url', u'http://www.info.gov('url', u'http://uc.org/read/ZoIP%20Demo')
('url', u'http://ec2-72-44-51-133.z-1.compute-1.amazonaws.com/')
('url', u'http://ec2-72-44-51-133.z-1.compute-1.amazonaws.com/myapp/public/')
('url', u'http://www.engadget.com/2007/06/28/jobs-pulls-an-oprah-12m-in-iphones-for-all-apple-employees/')
('url', u'http://www.arielmotor.co.uk/')
('url', u'http://www.teslamotors.com/index.php')
('url', u'http://www.teslamotors.com/index.php')
('url', u'http://www.randsinrepose.com/')
('url', u'http://www.amazon.com/Managing-Humans-Humorous-Software-Engineering/dp/159059844X')
('url', u'http://www.homestarrunner.com/2manyknives.html')
('url', u'http://www.hrwiki.org/index.php/Pistols_For_Pandas')
('url', u'http://maps.google.com/maps?f=q&hl=en&geocode=&q=bellevue+tullys&ie=UTF8&ll=47.570388,-122.134495&spn=0.081767,0.14986&z=13&om=1')
('url', u'http://www.apple.com/iphone')
('url', u'http://googlemapsmania.blogspot.com/2007/06/driving-directions-get-even-better-on.html')
('url', u'http://flickr.com/photos/tags/iphone/')
('url', u'http://news.bbc.co.uk/1/hi/technology/6255334.stm')
('url', u'http://stream.ifixit.com/')
('url', u'http://discussions.apple.com/thread.jspa?threadID=1018525&tstart=0')
('url', u'http://www.betterphoto.com/gallery/gallery.asp?memberID=232272')
('url', u'http://gizmodo.com/gadgets/apple/what-the-iphone-doesnt-have-272571.php')
('url', u'http://darlamack.blogs.com/darlamack/2007/06/the-phone-of-th.html')
('url', u'http://www.betterphoto.com/gallery/gallery.asp?memberID=232272')
('url', u'http://youtube.com/watch?v=yL9pV0TMa2Q')
('url', u'http://en.wikipedia.org/wiki/Desmodromic_valve')
('url', u'http://en.wikipedia.org/wiki/Pneumatic_valve_gear')
('url', u'http://www.7-eleven.com/')
('url', u'http://geekbriefwp.podshow.com/')
('url', u'http://www.evdaytona.com/')
('url', u'http://antwrp.gsfc.nasa.gov/apod/image/0707/pelicanzoom_alves.mov')
('url', u'http://www.youtube.com/watch?v=Z1eFdUSnaQM')
('url', u'http://www.youtube.com/watch?v=T_tiBGOEoVM')
('url', u'http://woozle.org/~neale/tmp/fget')
('url', u'http://www.betterphoto.com/gallery/gallery.asp?memberID=232272')
('url', u'http://www.camaro.com/wordpress/')
('url', u'http://pc.gamespy.com/pc/fallout-3/800771p1.html')
('url', u'http://www.ted.com/index.php/talks/view/id/131')
('url', u'http://pbfcomics.com/?cid=PBF077AD-Disassemble.jpg#145')
('url', u'http://woozle.org/~neale/tmp/spamfairy')
('url', u'http://www.youtube.com/watch?v=u-pivHK8DKA')
('url', u'http://www.slashfilm.com/2007/06/29/jj-abrams-top-secret-cloverfield-movie-trailer-attached-to-transformers/')
('url', u'http://www.theregister.co.uk/2007/07/02/terror_idiocy_outbreak/')
('url', u'http://www.macnn.com/articles/07/07/03/iphone.breaks.att.record/')
('url', u'http://en.wikipedia.org/wiki/List_of_people_pardoned_by_a_United_States_president')
('url', u'http://en.wikipedia.org/wiki/List_of_big-bust_models_and_performers')
('url', u'http://woozle.org/~neale/papers/tartans')
('url', u'http://www.kathyskilts.com/images/NMTartan.jpg')
('url', u'http://en.wikipedia.org/wiki/Royal_Stewart_Tartan')
('url', u'http://en.wikipedia.org/wiki/Clan_MacLennan')
('url', u'http://woozle.org/~neale/toys/tartan.cgi?t=MacGiggles&s=G16+B8+W2+R2+W2+BK2+G32+BK4+B4+BK2')
('url', u'http://www.youtube.com/watch?v=HoXsgF_Pllk')
('url', u'http://www.semyan.com/OurVan/Images/DSCN0278.jpg')
('url', u'http://www.engadget.com/2007/07/05/man-sticks-jet-engine-in-kayak-somehow-survives/')
('url', u'http://lifehacker.com/software/bookmarks/hack-attack-firefox-and-the-art-of-keyword-bookmarking-196779.php')
('url', u'http://www.lyricstop.com/c/crazybitch-buckcherry.html')
('url', u'http://www.cardomain.com/ride/2346465')
('url', u'http://en.wikipedia.org/wiki/Ages_of_consent_in_North_America')
('url', u'http://en.wikipedia.org/wiki/List_of_big-bust_models_and_performers')
('url', u'http://www.flickr.com/photos/49349060@N00/733218030/in/set-72157600672835782/')
('url', u'feed://www.pbs.org/cringely/pulpit/rss2.xml')
('url', u'http://en.wikipedia.org/wiki/Image:Ipod_sales.svg')
('url', u'http://www.woot.com/Images/Sale/Bissell_Barbie_Real_Vacuum68H-detail.jpg')
('url', u'http://img.alibaba.com/photo/50451984/Cyclone_Vacuum_Cleaner.jpg')
('url', u'http://woozle.org/~neale/images/viffer.jpg')
('url', u'http://kyyhkynen.net/stuff/diggtris/')
('url', u'http://www.nps.gov/mora/')
('url', u'http://www.nps.gov/mora/planyourvisit/road-status.htm')
('url', u'http://www.youtube.com/watch?v=84YWuxeOi9k')
('url', u'http://www.collegehumor.com/video:1764124/')
('url', u'http://www.youtube.com/watch?v=01lntWJImF8')
('url', u'http://www.virulent.org/converg4/past.html')
('url', u'http://www.liveleak.com/view?i=a76_1183278403')
('url', u'http://www.liveleak.com/view%3Fi%3Da76_1183278403')
('url', u'http://www.tuaw.com/2007/07/06/irc-on-iphone/')
('url', u'http://en.wikipedia.org/wiki/Jazz_%28Transformers%29')
('url', u'http://www.flickr.com/photos/calilewis')
('url', u'http://youtube.com/watch?v=PU0VstC82Fg')
('url', u'http://www.seattleaquarium.org/NetCommunity/Page.aspx?&pid=375&srcid=183')
('url', u'http://www.seattleaquarium.org/NetCommunity/Page.aspx?&pid=183&srcid=-2')
('url', u'http://www.twit.tv/mbw44')
('url', u'http://www.twit.tv/mbw4')
('url', u'http://digg.originalsignal.com/')
('url', u'http://www.motorcycledaily.com/08july07_2008buell_1125r.htm')
('url', u'http://64.233.179.110/blog_resources/postini_faq.pdf')
('url', u'http://www.postini.com/')
('url', u'http://code.google.com/p/telekinesis/')
('url', u'http://woozle.org/~brian/30sexposure.png')
('url', u'http://www.fatsalmonswim.org/')
('url', u'http://www.youtube.com/watch?v=qg1ckCkm8YI')
('url', u'http://www.youtube.com/watch?v=LZ-3W27f1LM')
('url', u'http://undo-software.com/')
('url', u'http://en.wikipedia.org/wiki/Paper_size')
('url', u'http://sfgate.com/cgi-bin/article.cgi?f=/c/a/2007/07/11/MNGCOQUE0K1.DTL')
('url', u'http://www.mnftiu.cc/mnftiu.cc/fighting.002.html')
('url', u'http://archives.seattletimes.nwsource.com/cgi-bin/texis.cgi/web/vortex/display?slug=taste11&date=20070711&query=wine+bar+belltown')
('url', u'http://en.wikipedia.org/wiki/Captcha')
('url', u'http://seattle.craigslist.org/see/sof/371613256.html')
('url', u'http://www.theage.com.au/news/national/top-cop-predicts-robot-crimewave/2007/07/06/1183351416078.html')
('url', u'http://www.lavanguardia.es/lv24h/20070712/51372978306.html')
('url', u'http://www.willitblend.com/videos.aspx?type=unsafe&video=iphone')
('url', u'http://edb.seattletimes.nwsource.com/ae/scr/edb_vd.cfm?ven=1843&s=st&Go.x=12&Go.y=14')
('url', u'http://www.youtube.com/watch?v=qHO8l-Bd1O4&NR')
('url', u'http://seattle.craigslist.org/see/eng/372775024.html')
('url', u'http://tinyurl.com/yub592')
('url', u'http://youtube.com/watch?v=Qc6w4SzIUN0')
('url', u'http://gizmodo.com/gadgets/iphone/iphone-field-test-mode-lets-you-spy-on-the-att-network-277797.php')
('url', u'http://img.waffleimages.com/27ab06b31a0a90f378e08e4170684e0d646224b7/awfuck4in.jpg')
('url', u'http://sfgate.com/cgi-bin/object/article?f=/n/a/2007/07/13/international/i113736D68.DTL&o=0')
('url', u'http://youtube.com/watch?v=Z4VNMERVsC4')
('url', u'http://en.wikipedia.org/wiki/SPDIF')
('url', u'http://static.flickr.com/80/242725372_3d88afcb4d_b.jpg')
('url', u'http://www.gapingvoid.com/')
('url', u'http://www.youtube.com/watch?v=ZbbxA8a_M_s')
('url', u'http://blog.guykawasaki.com/2007/07/ten-questions-w.html')
('url', u'http://thepiratebay.org/')
('url', u'http://www.obdev.at/products/launchbar/index.html')
('url', u'http://select.nytimes.com/pages/timesselect/index.html')
('url', u'http://www.homeworkingsolutions.co.uk/fastaeron.cfm')
('url', u'http://www.amazon.com/Bungie-Office-Euro-Style-Furniture/dp/B000BDLFQO')
('url', u'http://www.homeworkingsolutions.co.uk/fastcelle/index.cfm')
('url', u'http://www.suzukicycles.com/Products/AN400K8/Default.aspx')
('url', u'http://powersports.honda.com/scooters/model.asp?ModelName=Metropolitan&ModelYear=2007&ModelId=CHF507')
('url', u'http://www.youtube.com/watch?v=efNFFDk3B1A')
('url', u'http://www.youtube.com/watch?v=Xs3SfNANtig')
('url', u'http://www.iphonehints.com/')
('url', u'http://upload.wikimedia.org/wikipedia/en/e/ed/LD_Turtle.jpg')
('url', u'http://www.discountlaserdisc.com/read.php?list=3&sort=SCI&sort3=name')
('url', u'http://www.netflix.com/HowItWorks?lnkctr=nmhhiw')
('url', u'http://trac.xiph.org/ticket/245')
('url', u'http://www.theonion.com/content/news/john_edwards_vows_to_end_all_bad')
('url', u'http://www.imdb.com/title/tt0827735/')
('url', u'http://www.theonion.com/content/news/bar_skanks_announce_plans_to_kiss')
('url', u'http://www.theonion.com/content/news/after_5_years_in_u_s_terrorist')
('url', u'http://en.wikipedia.org/wiki/BOFH')
('url', u'http://www.youtube.com/watch?v=ZGp0hCxSg98')
('url', u'http://www.youtube.com/watch?v=54vtXRI32MQ')
('url', u'http://tinyurl.com/yub592')
('url', u'http://www.youtube.com/watch?v=CZrr7AZ9nCY')
('url', u'http://cray.com/products/xmt/index.html')
('url', u'http://en.wikipedia.org/wiki/Cray_XMT')
('url', u'http://www.drobo.com/')
('url', u'http://video.google.com/videoplay?docid=-483097404762739553&hl=en-GB')
('url', u'http://www.jroller.com/rolsen/entry/building_a_software_team_five')
('url', u'http://video.google.com/videoplay?docid=-483097404762739553&hl=en-')
('url', u'http://abcnews.go.com/Travel/wireStory?id=3375212')
('url', u'http://www.google.com/search?client=safari&rls=en&q=45+euros+in+dollars&ie=UTF-8&oe=UTF-8')
('url', u'http://www.youtube.com/watch?v=IVwIGti0m28')
('url', u'http://toastfloats.blogspot.com/2007/03/marine-tax.html')
('url', u'http://www.poetv.com/video.php?vid=19841')
('url', u'http://yro.slashdot.org/yro/07/07/19/1551242.shtml')
('url', u'http://rawstory.com/news/2007/Oldline_Republican_warns_somethings_in_works_0719.html')
('url', u'http://rawstory.com/news/2007/Jon_Stewart_Scientific_basis_for_irrational_0718.html')
('url', u'http://www.theonion.com/content/node/33576')
('url', u'http://www.cnn.com/2007/POLITICS/07/20/bush.colonoscopy/index.html')
('url', u'http://www.circuitcity.com/ccd/productDetail.do?oid=116323&linkid=j13774590k9470&affiliateid=k9470&mid=')
('url', u'http://uk.reuters.com/article/domesticNews/idUKL1847347220070719?pageNumber=1')
('url', u'http://leo.tumblr.com/post/6324776')
('url', u'http://talesfromtheoutback.blogspot.com/')
('url', u'http://www.webforefront.com/archives/2007/07/html_5.html#more')
('url', u'http://money.cnn.com/2007/07/23/technology/bc.opsware.hp.reut/index.htm?postversion=2007072308')
('url', u'http://www.youtube.com/watch?v=-x7JYADhWIo')
('url', u'http://sco.wikipedia.org/wiki/Main_Page')
('url', u'http://woozle.org/~brian/NealeProxy64.gif')
('url', u'http://www.mapmsg.com/games/statetris/usa/')
('url', u'http://online.wsj.com/article/SB118522167698875274.html?mod=googlenews_wsj')
('url', u'http://www.makezine.com/blog/archive/2006/08/how_to_make_a_time_fountain.html')
('url', u'http://www.amazon.com/Super-Crunchers-Thinking-Numbers-Smart/dp/0553805401/ref=pd_bbs_1/102-4370334-6727360?ie=UTF8&s=books&qid=1185387904&sr=8-1')
('url', u'http://www.amazon.com/gp/product/0061243582/ref=reg_hu-wl_item-added/102-4370334-6727360')
('url', u'http://www.joelonsoftware.com/items/2007/07/20.html')
('url', u'http://www.youtube.com/watch?v=lWWKBY7gx_0')
('url', u'http://www.politics.ie/viewtopic.php?t=24815')
('url', u'http://www.time.com/time/business/article/0,8599,1644040,00.html')
('url', u'http://www.time.com/time/magazine/article/0,9171,1645145,00.html')
('url', u'http://www.youtube.com/watch?v=lmDTSQtK20c')
('url', u'http://www.youtube.com/watch?v=Lgh4B-SeV44')
('url', u'http://www.relentlesstoil.com')
('url', u'http://toastfloats.blogspot.com')
('url', u'http://www.vrbo.com/76037')
('url', u'http://www.youtube.com/watch?v=9mSKBgvHdoE')
('url', u'http://www.cdc.gov/ncidod/dbmd/diseaseinfo/sporotrichosis_g.htm')
('url', u'http://www.pbs.org/cringely/pulpit/2007/pulpit_20070727_002573.html')
[]
('url', u'http://www.syncharger.com/kwiksynch.htm')
('url', u'http://addxorrol.blogspot.com/2007/07/ive-been-denied-entry-to-us-essentially.html')
('url', u'http://www.ducati.ms/forums/showthread.php?t=26856')
('url', u'http://www.credmp.org/index.php/2007/07/28/getting-things-done-in-emacs/')
('url', u'http://www.cnn.com/2007/SHOWBIZ/TV/07/30/people.mckellar.ap/('url', u'http://wdfw.wa.gov/fish/regs/2007/2007sportregs.pdf')
('url', u'http://www.factmonster.com/ipka/A0770817.html')
('url', u'http://www.lovopoly.com/index.php?gad=CMKngKgDEggigJqysq-YvhiQ0r39AyDeqoEV')
('url', u'http://www.cnn.com/2007/US/08/01/bridge.collapse.ap/index.html')
('url', u'http://tinyurl.com/9v426')
('url', u'http://thepiratebay.org/')
('url', u'http://www.slate.com/id/2171520')
('url', u'http://gofugyourself.typepad.com/go_fug_yourself/2007/08/carrot-fug.html')
('url', u'http://img.photobucket.com/albums/v719/gofugyourself/GFY112005/72792964.jpg')
('url', u'http://img.photobucket.com/albums/v719/gofugyourself/GFY112005/56397985.jpg')
('url', u'http://img.photobucket.com/albums/v352/morganzola/gfy/74391262.jpg')
('url', u'http://img.photobucket.com/albums/v719/gofugyourself/GFY112005/73158808.jpg')
('url', u'http://blog.guykawasaki.com/2007/06/no-plan-no-capi.html')
('url', u'http://whoishotter.com/')
('url', u'http://www.apologeticsindex.org/s51aa.html')
('url', u'http://tinyurl.com/232cwj')
('url', u'http://tinyurl.com/2hlrgj')
('url', u'http://www.amazon.com/gp/product/B00004XOM3')
('url', u'http://www.flickr.com/photos/kirkpetersen/994648322/')
('url', u'http://www.youtube.com/watch?v=II_-QcW4Q4I')
('url', u'http://www.youtube.com/watch?v=ylAHWVuPNus&mode=related&search=')
('url', u'http://erikstambaugh.com/img/boobies-censored.jpg')
('url', u'http://mikecane.wordpress.com/2007/07/10/iphone-death-star-upgrade-coming/')
('url', u'http://blog.wired.com/27bstroke6/2007/08/media-mole-at-d.html')
('url', u'http://www.lagrange.org/articles/Y05M05/a-lacticacid-rf.htm')
('url', u'http://www.lagrange.org/articles/Y05M05/a-lacticacid-rf.htm')
('url', u'http://www.thelocalvine.com/')
('url', u'http://www.infoq.com/news/2007/08/gemstone-ruby')
('url', u'http://youtube.com/watch?v=hEtZHOj4vHo')
('url', u'http://www.amazon.com/gp/product/0486244261/ref=wl_it_dp/102-4370334-6727360?ie=UTF8&coliid=I17UBOFOS6PCOC&colid=5FKZUGCNGYFN')
('url', u'http://www.nytimes.com/2007/07/26/arts/television/26stew.html?ex=1186545600&en=b6e621bc81e010bb&ei=5070')
('url', u'http://www.amazon.com/Orion-SkyQuest-Telescope-Accessory-Crayford-Style/dp/B000M86EOQ')
('url', u'http://www.amazon.com/Orion-T-Ring-Canon-including-Digital/dp/B0000XMUKK')
('url', u'http://httpd.apache.org/docs/2.0/mod/mod_headers.html')
('url', u'http://highscalability.com/digg-architecture')
('url', u'http://www.amazon.com/Inner-Loops-Sourcebook-Software-Development/dp/0201479605')
('url', u'http://www.microsoft.com/mac/products/entourage2004/entourage2004.aspx?pid=howtobuy')
('url', u'http://www.amazon.com/')
('url', u'http://validator.w3.org/check?uri=www.amazon.com')
('url', u'http://www.woozle.org/')
('url', u'http://tinyurl.com/2gnmlz')
('url', u'http://tinyurl.com/2gnmlz')
('url', u'http://www.flickr.com/photos/hbunny/1063515089/')
('url', u'http://www.betterphoto.com/gallery/big.asp?photoID=4338308&catID=&style=&rowNumber=8&memberID=232272')
('url', u'http://jezebel.com/gossip/iphone-widow/the-iphone-is-cool-and-all-but-can-you-stick-your-dick-in-it-288400.php')
('url', u'http://store.apple.com/1-800-MY-APPLE/WebObjects/AppleStore.woa/wa/RSLID?mco=3C893A3B&nclm=CertifiedMac')
('url', u'http://store.apple.com/1-800-MY-APPLE/WebObjects/AppleStore.woa/wa/RSLID?nnmm=browse&mco=4124CE5A&node=home/macbook/macbook')
('url', u'http://www.intertron.org')
('url', u'http://www.43folders.com/2006/11/10/smart-playlists-for-packrats/#besure')
('url', u'http://en.wikipedia.org/wiki/Floccinaucinihilipilification')
('url', u'http://en.wikipedia.org/wiki/Coupling_')
('url', u'http://www.flickr.com/photos/brainswax/')
('url', u'http://brain.lis.uiuc.edu:2323/opencms/export/sites/default/dhq/vol/001/2/000009.html')
('url', u'http://www.ratelasvegas.com/buffets/buffetrank.html')
('url', u'http://www.deceptionisland.aq/')
('url', u'http://www.flickr.com/photos/brainswax/1145435885/')
('url', u'http://www.flickr.com/photos/brainswax/1145435885/')
('url', u'http://www.crocodile-trophy.com/info_forms_2007/CT-INFO%20ENG%202007-k.pdf')
('url', u'http://www.crocodile-trophy.com/crocodiletrophy/en/index_en.htm')
('url', u'http://www.adv-cycling.org/transam/index.cfm')
('url', u'http://www.adv-cycling.org/transam/index.cfm')
('url', u'http://www.adv-cycling.org/routes/greatdivide.cfm')
('url', u'http://www.youtube.com/watch?v=pY8jaGs7xJ0')
('url', u'http://www.filmschoolrejects.com/news/great-new-hi-res-images-from-the-dark-knight.php')
('url', u'http://docs.info.apple.com/article.html?artnum=25668')
('url', u'https://woozle.org/blogs/neale/2007-08-17T23:06:36Z')
('url', u'http://www.moo.com/products/minicards.php')
('url', u'http://www.brunching.com/images/geekchartbig.gif')
('url', u'http://www.flickr.com/photos/brainswax/')
('url', u'http://www.snopes.com/business/genius/spacepen.asp')
('url', u'http://www.bhphotovideo.com/c/product/12066-USA/Canon_2508A002_Super_Wide_Angle_EF.html')
('url', u'http://woozle.org/albums/neale/Misc/Art/Miscellaneous/flors.jpg?html=1')
('url', u'http://woozle.org/albums/neale/Misc/Art/Miscellaneous/real_body_hart.jpg?html=1')
('url', u'http://woozle.org/albums/neale/Misc/Art/Miscellaneous/firebox.jpg?html=1')
('url', u'http://www.glumbert.com/media/tonguetwister')
('url', u'http://216.254.28.103/schmancy.jpg')
('url', u'http://www.flickr.com/photos/hbunny/1156562400/')
('url', u'http://www.youtube.com/watch?v=bgRnVhbfIKQ')
('url', u'http://www.engadget.com/2007/08/21/toshibas-320gb-2-5-inch-hard-drive-a-worlds-best-for-laptops/')
('url', u'http://seattletimes.nwsource.com/html/localnews/2003847538_ferries22m.html')
('url', u'http://www.microsoft.com/silverlight/default_ns.aspx')
('url', u'http://seattlepi.nwsource.com/local/328555_apple22.html')
('url', u'http://woozle.org/irc/chat/')
('url', u'http://woozle.org/~brian/jaime.jpg')
('url', u'http://woozle.org/~brian/jaime-exposed.jpg')
('url', u'http://www.flickr.com/photo_zoom.gne?id=1219342723&size=o')
('url', u'http://www.onlineshoes.com/synopsispage.asp?type=brand&brandid=9&brandcatid=1792&ageid=1&gen=m')
('url', u'http://forums.commercialsihate.com/forum_posts.asp?TID=7337')
('url', u'http://www.marmot